<?xml version="1.0" encoding="UTF-8"?>
<testng-results ignored="0" total="5" passed="5" failed="0" skipped="0">
  <reporter-output>
  </reporter-output>
  <suite started-at="2023-12-19T16:59:52 IST" name="Suite" finished-at="2023-12-19T17:00:51 IST" duration-ms="59227">
    <groups>
    </groups>
    <test started-at="2023-12-19T16:59:52 IST" name="Testingsites" finished-at="2023-12-19T17:00:07 IST" duration-ms="15338">
      <class name="com.sel.test.FirstTest">
        <test-method signature="TestFacebook()[pri:0, instance:com.sel.test.FirstTest@1b7cc17c]" started-at="2023-12-19T16:59:52 IST" name="TestFacebook" finished-at="2023-12-19T16:59:59 IST" duration-ms="7504" status="PASS">
          <reporter-output>
          </reporter-output>
        </test-method> <!-- TestFacebook -->
        <test-method signature="TestGoogle()[pri:0, instance:com.sel.test.FirstTest@1b7cc17c]" started-at="2023-12-19T16:59:59 IST" name="TestGoogle" finished-at="2023-12-19T17:00:07 IST" duration-ms="7791" status="PASS">
          <reporter-output>
          </reporter-output>
        </test-method> <!-- TestGoogle -->
      </class> <!-- com.sel.test.FirstTest -->
    </test> <!-- Testingsites -->
    <test started-at="2023-12-19T17:00:07 IST" name="Testing" finished-at="2023-12-19T17:00:51 IST" duration-ms="43874">
      <class name="com.sel.test.SecondTest">
        <test-method signature="TestAmazon()[pri:0, instance:com.sel.test.SecondTest@557caf28]" started-at="2023-12-19T17:00:07 IST" name="TestAmazon" finished-at="2023-12-19T17:00:16 IST" duration-ms="8518" status="PASS">
          <reporter-output>
          </reporter-output>
        </test-method> <!-- TestAmazon -->
        <test-method signature="TestFlipkart()[pri:0, instance:com.sel.test.SecondTest@557caf28]" started-at="2023-12-19T17:00:16 IST" name="TestFlipkart" finished-at="2023-12-19T17:00:25 IST" duration-ms="9374" status="PASS">
          <reporter-output>
          </reporter-output>
        </test-method> <!-- TestFlipkart -->
        <test-method signature="TestMyntra()[pri:0, instance:com.sel.test.SecondTest@557caf28]" started-at="2023-12-19T17:00:25 IST" name="TestMyntra" finished-at="2023-12-19T17:00:51 IST" duration-ms="25977" status="PASS">
          <reporter-output>
          </reporter-output>
        </test-method> <!-- TestMyntra -->
      </class> <!-- com.sel.test.SecondTest -->
    </test> <!-- Testing -->
  </suite> <!-- Suite -->
</testng-results>
