<?xml version="1.0" encoding="UTF-8"?>
<!-- Generated by org.testng.reporters.JUnitXMLReporter -->
<testsuite ignored="2" hostname="LAPTOP-V15DHDLV" failures="0" tests="1" name="Car Loan" time="0.015" errors="0" timestamp="2023-09-14T16:06:20 IST">
  <testcase classname="com.javatpoint.Car_loan" name="APILoginCarLoan" time="0.003"/>
  <testcase classname="com.javatpoint.Car_loan" name="MobileLoginCarLoan" time="0.0">
    <ignored/>
  </testcase> <!-- MobileLoginCarLoan -->
  <testcase classname="com.javatpoint.Car_loan" name="WebLoginCarLoan" time="0.0">
    <ignored/>
  </testcase> <!-- WebLoginCarLoan -->
</testsuite> <!-- Car Loan -->
