<?xml version="1.0" encoding="UTF-8"?>
<!-- Generated by org.testng.reporters.JUnitXMLReporter -->
<testsuite ignored="2" hostname="LAPTOP-V15DHDLV" failures="0" tests="1" name="Home Loan" time="0.012" errors="0" timestamp="2023-09-14T16:06:20 IST">
  <testcase classname="com.javatpoint.Home_loan" name="MobileLoginHomeLoan" time="0.002"/>
  <testcase classname="com.javatpoint.Home_loan" name="APILoginHomeLoan" time="0.0">
    <ignored/>
  </testcase> <!-- APILoginHomeLoan -->
  <testcase classname="com.javatpoint.Home_loan" name="WebLoginHomeLoan" time="0.0">
    <ignored/>
  </testcase> <!-- WebLoginHomeLoan -->
</testsuite> <!-- Home Loan -->
