<?xml version="1.0" encoding="UTF-8"?>
<!-- Generated by org.testng.reporters.JUnitXMLReporter -->
<testsuite ignored="2" hostname="LAPTOP-V15DHDLV" failures="0" tests="1" name="Personal Loan" time="0.083" errors="0" timestamp="2023-09-14T16:06:20 IST">
  <testcase classname="com.javatpoint.Personal_loan" name="WebLoginPersonalLoan" time="0.013"/>
  <testcase classname="com.javatpoint.Personal_loan" name="APILoginPersonalLoan" time="0.0">
    <ignored/>
  </testcase> <!-- APILoginPersonalLoan -->
  <testcase classname="com.javatpoint.Personal_loan" name="MobileLoginPersonalLoan" time="0.0">
    <ignored/>
  </testcase> <!-- MobileLoginPersonalLoan -->
</testsuite> <!-- Personal Loan -->
