<?xml version="1.0" encoding="UTF-8"?>
<testng-results ignored="0" total="3" passed="3" failed="0" skipped="0">
  <reporter-output>
  </reporter-output>
  <suite started-at="2023-10-10T10:28:38 IST" name="Default suite" finished-at="2023-10-10T10:28:38 IST" duration-ms="105">
    <groups>
      <group name="SmokeTest">
        <method signature="Car_loan.APILoginCarLoan()[pri:0, instance:com.javatpoint.Car_loan@56a6d5a6]" name="APILoginCarLoan" class="com.javatpoint.Car_loan"/>
      </group> <!-- SmokeTest -->
    </groups>
    <test started-at="2023-10-10T10:28:38 IST" name="Default test" finished-at="2023-10-10T10:28:38 IST" duration-ms="105">
      <class name="com.javatpoint.Car_loan">
        <test-method signature="APILoginCarLoan()[pri:0, instance:com.javatpoint.Car_loan@56a6d5a6]" started-at="2023-10-10T10:28:38 IST" name="APILoginCarLoan" finished-at="2023-10-10T10:28:38 IST" duration-ms="14" status="PASS">
          <reporter-output>
          </reporter-output>
        </test-method> <!-- APILoginCarLoan -->
        <test-method signature="MobileLoginCarLoan()[pri:0, instance:com.javatpoint.Car_loan@56a6d5a6]" started-at="2023-10-10T10:28:38 IST" name="MobileLoginCarLoan" finished-at="2023-10-10T10:28:38 IST" duration-ms="2" status="PASS">
          <reporter-output>
          </reporter-output>
        </test-method> <!-- MobileLoginCarLoan -->
        <test-method signature="WebLoginCarLoan()[pri:0, instance:com.javatpoint.Car_loan@56a6d5a6]" started-at="2023-10-10T10:28:38 IST" name="WebLoginCarLoan" finished-at="2023-10-10T10:28:38 IST" duration-ms="2" status="PASS">
          <reporter-output>
          </reporter-output>
        </test-method> <!-- WebLoginCarLoan -->
      </class> <!-- com.javatpoint.Car_loan -->
    </test> <!-- Default test -->
  </suite> <!-- Default suite -->
</testng-results>
