<?xml version="1.0" encoding="UTF-8"?>
<!-- Generated by org.testng.reporters.JUnitXMLReporter -->
<testsuite ignored="0" hostname="LAPTOP-V15DHDLV" failures="0" tests="3" name="Default test" time="0.074" errors="0" timestamp="2023-12-19T14:51:37 IST">
  <testcase classname="com.javatpoint.Groups" name="testcase1" time="0.013"/>
  <testcase classname="com.javatpoint.Groups" name="testcase2" time="0.002"/>
  <testcase classname="com.javatpoint.Groups" name="testcase3" time="0.001"/>
</testsuite> <!-- Default test -->
