<?xml version="1.0" encoding="UTF-8"?>
<!-- Generated by org.testng.reporters.JUnitXMLReporter -->
<testsuite ignored="0" hostname="LAPTOP-V15DHDLV" failures="0" tests="3" name="Testing" time="43.874" errors="0" timestamp="2023-12-19T17:00:51 IST">
  <testcase classname="com.sel.test.SecondTest" name="TestAmazon" time="8.518"/>
  <testcase classname="com.sel.test.SecondTest" name="TestFlipkart" time="9.374"/>
  <testcase classname="com.sel.test.SecondTest" name="TestMyntra" time="25.977"/>
</testsuite> <!-- Testing -->
