<?xml version="1.0" encoding="UTF-8"?>
<!-- Generated by org.testng.reporters.JUnitXMLReporter -->
<testsuite ignored="0" hostname="LAPTOP-V15DHDLV" failures="0" tests="3" name="Default test" time="42.591" errors="0" timestamp="2023-12-19T16:47:13 IST">
  <testcase classname="com.sel.test.SecondTest" name="TestAmazon" time="9.967"/>
  <testcase classname="com.sel.test.SecondTest" name="TestFlipkart" time="6.359"/>
  <testcase classname="com.sel.test.SecondTest" name="TestMyntra" time="26.214"/>
</testsuite> <!-- Default test -->
