<?xml version="1.0" encoding="UTF-8"?>
<!-- Generated by org.testng.reporters.JUnitXMLReporter -->
<testsuite ignored="1" hostname="LAPTOP-V15DHDLV" failures="0" tests="2" name="Group B" time="0.006" errors="0" timestamp="2023-09-25T16:27:41 IST">
  <testcase classname="com.javatpoint.Groups" name="testcase2" time="0.002"/>
  <testcase classname="com.javatpoint.Groups" name="testcase3" time="0.001"/>
  <testcase classname="com.javatpoint.Groups" name="testcase1" time="0.0">
    <ignored/>
  </testcase> <!-- testcase1 -->
</testsuite> <!-- Group B -->
