<?xml version="1.0" encoding="UTF-8"?>
<!-- Generated by org.testng.reporters.JUnitXMLReporter -->
<testsuite ignored="0" hostname="LAPTOP-V15DHDLV" failures="0" tests="3" name="Default test" time="0.064" errors="0" timestamp="2023-12-19T14:32:29 IST">
  <testcase classname="com.javatpoint.Car_loan" name="APILoginCarLoan" time="0.011"/>
  <testcase classname="com.javatpoint.Car_loan" name="MobileLoginCarLoan" time="0.002"/>
  <testcase classname="com.javatpoint.Car_loan" name="WebLoginCarLoan" time="0.001"/>
</testsuite> <!-- Default test -->
