<?xml version="1.0" encoding="UTF-8"?>
<!-- Generated by org.testng.reporters.JUnitXMLReporter -->
<testsuite ignored="0" hostname="LAPTOP-V15DHDLV" failures="0" tests="3" name="Default test" time="0.105" errors="0" timestamp="2023-10-10T10:28:38 IST">
  <testcase classname="com.javatpoint.Car_loan" name="APILoginCarLoan" time="0.014"/>
  <testcase classname="com.javatpoint.Car_loan" name="MobileLoginCarLoan" time="0.002"/>
  <testcase classname="com.javatpoint.Car_loan" name="WebLoginCarLoan" time="0.002"/>
</testsuite> <!-- Default test -->
